2015-03-19 22:51:54 : /admin/fileman2/php/upload.php
2015-03-19 22:51:54 : /home/web/alleedubio.frthumbs/Screen_Shot_2015_03_19_at_18.01.30.png
2015-03-20 18:02:15 : /admin/fileman2/php/upload.php
2015-03-20 18:02:15 : /home/web/alleedubio.frthumbs/DSC00145.jpg
2015-03-20 18:03:24 : /admin/fileman2/php/upload.php
2015-03-20 18:03:24 : /home/web/alleedubio.frthumbs/DSC00144.jpg
2015-03-21 16:59:22 : /admin/fileman2/php/upload.php
2015-03-21 16:59:22 : /home/web/alleedubio.frthumbs/DSC00151.jpg
2015-03-21 17:05:35 : /admin/fileman2/php/upload.php
2015-03-21 17:05:35 : /home/web/alleedubio.frthumbs/DSC00158.jpg
2015-03-21 17:30:07 : /admin/fileman2/php/upload.php
2015-03-21 17:30:07 : /home/web/alleedubio.frthumbs/DSC00146.jpg
2015-03-21 17:34:07 : /admin/fileman2/php/upload.php
2015-03-21 17:34:07 : /home/web/alleedubio.frthumbs/DSC00147.jpg
2015-03-24 10:45:25 : 24/03/2015
2015-03-24 10:45:25 : Nathalie LESCA
2015-03-24 10:45:25 : nathalie.lesca@free.fr
2015-03-24 10:45:25 : boutique trés sympa. Bons conseils et produits très variés de qualité. 
2015-03-24 10:45:25 : sendMail
2015-03-24 10:45:25 : on
2015-03-24 10:45:25 : Message envoyé ! 
2015-03-24 10:45:25 xxxxxxxxxxxxxxxxxxxxxxxxxxxxxxxxxxxxxxxxxxxx  
2015-03-24 15:16:20 : /admin/fileman2/php/upload.php
2015-03-24 15:16:20 : /home/web/alleedubio.frthumbs/DSC00150.jpg
2015-03-24 15:22:00 : /admin/fileman2/php/upload.php
2015-03-24 15:22:00 : /home/web/alleedubio.frthumbs/DSC00157.jpg
2015-03-25 17:51:05 : /admin/fileman2/php/upload.php
2015-03-25 17:51:05 : /home/web/alleedubio.frthumbs/DSC00186.jpg
2015-03-26 18:40:33 : /admin/fileman2/php/upload.php
2015-03-26 18:40:33 : /home/web/alleedubio.frthumbs/complementsalimentaires.jpg
2015-04-04 14:07:44 : /admin/fileman2/php/upload.php
2015-04-04 14:07:44 : /home/web/alleedubio.frthumbs/DSC00214.jpg
2015-04-04 14:16:02 : /admin/fileman2/php/upload.php
2015-04-04 14:16:02 : /home/web/alleedubio.frthumbs/DSC00216.jpg
2015-04-04 14:23:18 : /admin/fileman2/php/upload.php
2015-04-04 14:23:18 : /home/web/alleedubio.frthumbs/DSC00217.jpg
2015-04-04 14:29:45 : /admin/fileman2/php/upload.php
2015-04-04 14:29:45 : /home/web/alleedubio.frthumbs/DSC00215.jpg
2015-04-04 16:56:23 : /admin/fileman2/php/upload.php
2015-04-04 16:56:23 : /home/web/alleedubio.frthumbs/DSC00219.jpg
2015-04-04 17:07:49 : /admin/fileman2/php/upload.php
2015-04-04 17:07:49 : /home/web/alleedubio.frthumbs/DSC00220.jpg
2015-04-04 17:12:54 : /admin/fileman2/php/upload.php
2015-04-04 17:12:54 : /home/web/alleedubio.frthumbs/DSC00221.jpg
2015-04-08 15:59:32 : /admin/fileman2/php/upload.php
2015-04-08 15:59:32 : /home/web/alleedubio.frthumbs/DSC00222.jpg
2015-04-08 16:30:23 : /admin/fileman2/php/upload.php
2015-04-08 16:30:23 : /home/web/alleedubio.frthumbs/DSC00223.jpg
2015-04-08 16:44:50 : /admin/fileman2/php/upload.php
2015-04-08 16:44:50 : /home/web/alleedubio.frthumbs/DSC00224.jpg
2015-04-11 15:25:27 : /admin/fileman2/php/upload.php
2015-04-11 15:25:27 : /home/web/alleedubio.frthumbs/DSC00249.jpg
2015-04-11 15:31:02 : /admin/fileman2/php/upload.php
2015-04-11 15:31:02 : /home/web/alleedubio.frthumbs/DSC00250.jpg
2015-04-11 15:37:25 : /admin/fileman2/php/upload.php
2015-04-11 15:37:25 : /home/web/alleedubio.frthumbs/DSC00251.jpg
2015-04-11 16:18:01 : /admin/fileman2/php/upload.php
2015-04-11 16:18:01 : /home/web/alleedubio.frthumbs/DSC00252.jpg
2015-04-11 16:40:34 : /admin/fileman2/php/upload.php
2015-04-11 16:40:34 : /home/web/alleedubio.frthumbs/DSC00256.jpg
2015-04-11 16:42:29 : /admin/fileman2/php/upload.php
2015-04-11 16:42:29 : /home/web/alleedubio.frthumbs/DSC00256 - Copy 1.jpg
2015-04-11 16:46:29 : /admin/fileman2/php/upload.php
2015-04-11 16:46:29 : /home/web/alleedubio.frthumbs/DSC00255.jpg
2015-04-11 16:50:26 : /admin/fileman2/php/upload.php
2015-04-11 16:50:26 : /home/web/alleedubio.frthumbs/DSC00257.jpg
2015-04-14 09:42:07 : 14/04/2015
2015-04-14 09:42:07 : toto
2015-04-14 09:42:07 : t@free.fr
2015-04-14 09:42:07 : boutique simbre
2015-04-14 09:42:07 : sendMail
2015-04-14 09:42:07 : on
2015-04-14 09:42:07 : Message envoyé ! 
2015-04-14 09:42:07 xxxxxxxxxxxxxxxxxxxxxxxxxxxxxxxxxxxxxxxxxxxx  
2015-04-16 22:18:52 : 16/04/2015
2015-04-16 22:18:52 : Isabelle
2015-04-16 22:18:52 : isa_carambar@yahoo.fr
2015-04-16 22:18:52 : Un magasin où l'on se sent bien, à taille humaine. On y trouve tout ce dont on a besoin avec en plus les conseils éclairés; la gentillesse et le sourire de la créatrice de ce lieu unique.
2015-04-16 22:18:52 : sendMail
2015-04-16 22:18:52 : on
2015-04-16 22:18:52 : Message envoyé ! 
2015-04-16 22:18:52 xxxxxxxxxxxxxxxxxxxxxxxxxxxxxxxxxxxxxxxxxxxx  
2015-04-24 10:07:08 : /admin/fileman2/php/upload.php
2015-04-24 10:07:08 : /home/web/alleedubio.frthumbs/97289914abeille_jpg.jpg
2015-04-24 10:10:22 : /admin/fileman2/php/upload.php
2015-04-24 10:10:22 : /home/web/alleedubio.frthumbs/Inde_epices_pt130710.jpg
2015-04-25 04:06:34 : 
2015-04-25 04:06:34 : 
2015-04-25 04:06:34 : 
2015-04-25 04:06:34 : 
2015-04-25 04:06:34 : 
2015-04-25 04:06:34 : 
2015-04-25 04:06:34 : 
2015-04-25 04:06:34 : 
2015-04-25 04:06:34 : Message NON envoyé ! 
2015-04-25 04:06:34 xxxxxxxxxxxxxxxxxxxxxxxxxxxxxxxxxxxxxxxxxxxx  
2015-04-25 04:06:34 : 
2015-04-25 04:06:34 : 
2015-04-25 04:06:34 : 
2015-04-25 04:06:34 : 
2015-04-25 04:06:34 : 
2015-04-25 04:06:34 : 
2015-04-25 04:06:34 : Message NON envoyé ! 
2015-04-25 04:06:34 xxxxxxxxxxxxxxxxxxxxxxxxxxxxxxxxxxxxxxxxxxxx  
2015-05-08 02:20:21 : 08/05/2015
2015-05-08 02:20:21 : Lisa
2015-05-08 02:20:21 : eliereynaert@hotmail.fr
2015-05-08 02:20:21 : Un magasin agréable, avec un choix très varié de produits, les conseils sont au rendez vous ! 
On y est très bien accueilli et la gérante de ce dernier rayonne par sa bonne humeur et son sourire. 
2015-05-08 02:20:21 : sendMail
2015-05-08 02:20:21 : on
2015-05-08 02:20:21 : Message envoyé ! 
2015-05-08 02:20:21 xxxxxxxxxxxxxxxxxxxxxxxxxxxxxxxxxxxxxxxxxxxx  
2015-05-15 09:21:46 : sendMail
2015-05-15 09:21:46 : GARCIA
2015-05-15 09:21:46 : Sergio
2015-05-15 09:21:46 : sgarcia@aceitesolimpo.com
2015-05-15 09:21:46 : 0034967217661
2015-05-15 09:21:46 : les produits
2015-05-15 09:21:46 : Madame, Monsieur, 

ACEITES OLIMPO est un fabricant de qualité et de confiance qui offre à ses clients une large gamme de produits de qualité (huile, olives, safran, vin, fromage et vinaigre).

Nous exportons nos produits principalement en Europe (dont la France), en Asie (Indonésie, Inde, Chine…). Mais nous fournissons aussi des établissements de notre région.
Nos huiles font parties des meilleures d’Espagne car elles proviennent directement des oliveraies de notre province.
Notre produit phare est l’huile d’olive biologique. Les olives sont cultivées dans le respect de l’environnement. En effet, nous n’utilisons pas d’engrais, ni de pesticides ou d’autres produits chimiques. De plus, l’extraction de l’huile est réalisée par des procédés mécaniques et conservée dans des conditions thermiques qui n’altèrent pas sa qualité. L’huile d’olive extra vierge produite se caractérise pour être fruitée, pour avoir des arômes intenses en narines et raffinées en bouche avec une touche  d’amertume et de piquant. Elle satisfait les goûts de chacun.

Nous proposons deux autres produits biologiques, qui sont le vinaigre (balsamique, de cidre, de vin blanc et rouge) et le fromage de brebis (au lait tendre, au lait demi-affiné et au lait affiné).
 
L’appellation de nos produits : « produits sains d’Espagne » certifie de la grande qualité des produits.

Votre enseigne biologique nous intéresse fortement et souhaiterions vous proposer nos produits afin de les y exposer. 

Vous trouverez plus d’informations sur notre entreprise et nos produits sur notre site web : http://aceitesolimpo.com/fr/ 

Nous sommes, évidemment, prêts à vous fournir de plus amples renseignements, si nécessaire.

SERGIO GARCÍA

Dpto. comercial

Ctra. de Mahora, Km. 3

02080 Albacete

Tlf.+34 967 21 76 61

Fax.+34 967 24 25 82

GSM: +34 673 814 854

skype: aceitesolimpo

sgarcia@aceitesolimpo.com

www.aceitesolimpo.com
2015-05-15 09:21:46 : 
2015-05-15 09:21:46 : Message envoyé ! 
2015-05-15 09:21:46 xxxxxxxxxxxxxxxxxxxxxxxxxxxxxxxxxxxxxxxxxxxx  
2015-05-21 14:56:54 : /admin/fileman2/php/upload.php
2015-05-21 14:56:54 : /home/web/alleedubio.frthumbs/DSC00998.jpg
2015-05-21 15:56:04 : /admin/fileman2/php/upload.php
2015-05-21 15:56:04 : /home/web/alleedubio.frthumbs/DSC00993.jpg
2015-05-21 15:56:31 : /admin/fileman2/php/upload.php
2015-05-21 15:56:31 : /home/web/alleedubio.frthumbs/DSC00993 - Copy 1.jpg
2015-05-21 16:17:29 : /admin/fileman2/php/upload.php
2015-05-21 16:17:29 : /home/web/alleedubio.frthumbs/DSC01027.jpg
2015-05-23 14:57:10 : 23/05/2015
2015-05-23 14:57:10 : ER-IMMO
2015-05-23 14:57:10 : contact@er-immo.com
2015-05-23 14:57:10 : Un très joli magasin à Saint Sulpice et Cameyrac où on trouve du conseil, le sourire et des produits de très grandes qualités.
Si vous ne connaissez pas encore, n'hésitez pas à vous y rendre, la santé et le bien être n'ont pas de prix.
2015-05-23 14:57:10 : sendMail
2015-05-23 14:57:10 : on
2015-05-23 14:57:10 : Message envoyé ! 
2015-05-23 14:57:10 xxxxxxxxxxxxxxxxxxxxxxxxxxxxxxxxxxxxxxxxxxxx  
2018-02-03 12:31:32 : sendMail
2018-02-03 12:31:32 : Sergio
2018-02-03 12:31:32 : Garcia
2018-02-03 12:31:32 : sergiukas@gmail.com
2018-02-03 12:31:32 : 0034615831047
2018-02-03 12:31:32 : autre
2018-02-03 12:31:32 : Bonjour,
Je voudrais vous faire une proposition commerciale,
Je suis le responsable d´exportations en France de Bio Darma, fournisseur de biscuits écologiques et artisanaux, avec une large gamme de biscuits sucrés et salés, ils sont un excellent produit pour leurs magasins.
Si vous voulez plusieurs d´information, contactez moi, svp!
Merci!
Cordialement
Sergio
2018-02-03 12:31:32 : 
2018-02-03 12:31:32 : Message envoyé ! 
2018-02-03 12:31:32 xxxxxxxxxxxxxxxxxxxxxxxxxxxxxxxxxxxxxxxxxxxx  
2018-02-10 11:58:15 : sendMail
2018-02-10 11:58:15 : Marchand
2018-02-10 11:58:15 : Arnaud
2018-02-10 11:58:15 : contact@gidonet.fr
2018-02-10 11:58:15 : 0640177658
2018-02-10 11:58:15 : autre
2018-02-10 11:58:15 : Bonjour,

Je suis Mr Marchand Arnaud, dirigeant de Gidonet (Gironde Dordogne Nettoyage) jeune et dynamique société de nettoyage basée sur la commune d'Abzac.

Nous possédons déjà une clientèle diverse et variée :
- Des fleuristes sur Coutras
- Les rhums Guiose à Saint-Seurin-Sur-l’Isle
- La ville de Coutras (CCAS et château d'Eygreteau)

Je souhaiterais savoir si vous voulez confier votre tâche de nettoyage de votre local à une entreprise, dans le cas où vous n’en posséderiez pas, nous pourrions alors vous proposer nos services.

En effet, confier votre prestation de nettoyage à une société spécialisée vous permet d’avoir une prestation professionnelle, avec des produits adaptés à diverses besoins : au contact alimentaire, désinfectant/bactéricide… et respectueux de l’environnement : nous travaillons avec des produits éco labélisés ou avec des produits écologiques normés.

Je suis à votre disposition pour tout entretien et éventuellement le cas échéant la visite de vos locaux afin de voir avec vous les différents besoins de nettoyage et/ou de vitrerie dont vous pourriez bénéficier au sein de ma structure.

Dans l'attente de votre réponse, recevez mes sincères salutations.

Cordialement,
Mr Marchand Arnaud.
2018-02-10 11:58:15 : 
2018-02-10 11:58:15 : Message envoyé ! 
2018-02-10 11:58:15 xxxxxxxxxxxxxxxxxxxxxxxxxxxxxxxxxxxxxxxxxxxx  
2018-03-06 23:11:42 : 
2018-03-06 23:11:42 : 
2018-03-06 23:11:42 : 
2018-03-06 23:11:42 : 
2018-03-06 23:11:42 : 
2018-03-06 23:11:42 : 
2018-03-06 23:11:42 : 
2018-03-06 23:11:42 : 
2018-03-06 23:11:42 : Message NON envoyé ! 
2018-03-06 23:11:42 xxxxxxxxxxxxxxxxxxxxxxxxxxxxxxxxxxxxxxxxxxxx  
2018-03-06 23:11:43 : 
2018-03-06 23:11:43 : 
2018-03-06 23:11:43 : 
2018-03-06 23:11:43 : 
2018-03-06 23:11:43 : 
2018-03-06 23:11:43 : 
2018-03-06 23:11:43 : Message NON envoyé ! 
2018-03-06 23:11:43 xxxxxxxxxxxxxxxxxxxxxxxxxxxxxxxxxxxxxxxxxxxx  
2018-04-16 13:51:22 : 16/04/2018
2018-04-16 13:51:22 : Silvagni Brigitte
2018-04-16 13:51:22 : ladybiker33@orange.fr
2018-04-16 13:51:22 : Un magasin très sympa et surtout une commerçante à votre écoute et demande.
Si elle n'a pas le produit ,elle met tout en oeuvre pour vous le trouver à un tarif très interressant.
Je vous recommande sa boutique
2018-04-16 13:51:22 : sendMail
2018-04-16 13:51:22 : on
2018-04-16 13:51:22 : Message envoyé ! 
2018-04-16 13:51:22 xxxxxxxxxxxxxxxxxxxxxxxxxxxxxxxxxxxxxxxxxxxx  
2018-04-16 13:55:25 : sendMail
2018-04-16 13:55:25 : Silvagni
2018-04-16 13:55:25 : Brigitte
2018-04-16 13:55:25 : ladybiker33@orange.fr
2018-04-16 13:55:25 : 0672157689
2018-04-16 13:55:25 : les produits
2018-04-16 13:55:25 : Bonjour,
Avez vous en stock de la faine de graines de caroube 
Appelé aussi gomme de caroube
S'il vous plait.
Cordialement 
Mme Silvagni
2018-04-16 13:55:25 : on
2018-04-16 13:55:25 : Message envoyé ! 
2018-04-16 13:55:25 xxxxxxxxxxxxxxxxxxxxxxxxxxxxxxxxxxxxxxxxxxxx  
2018-04-21 15:13:34 : /admin/fileman2/php/upload.php
2018-04-21 15:13:34 : /var/www/alleedubio.frthumbs/th.jpg
2018-05-28 14:02:56 : sendMail
2018-05-28 14:02:56 : BEAUCAMP
2018-05-28 14:02:56 : Astrid
2018-05-28 14:02:56 : a.beaucamp@leresistant.fr
2018-05-28 14:02:56 : 0789637966
2018-05-28 14:02:56 : autre
2018-05-28 14:02:56 : Bonjour,

je suis commerciale pour le journal Le Résistant, hebdomadaire de presse régionale sur le grand libournais. Je me permets de vous envoyer ce mail car le 7 juin nous allons réaliser un dossier spécial Bio qui sera encarté en pages centrales de notre journal. A l'occasion de ce dossier pour toute insertion achetée dans ce supplément, une insertion vous est offerte la semaine suivante dans le Journal.

Voici quelques tarifs :
une pleine page (376mm de haut x 248.5mm de large) coûte 2066€ HT quadri incluse pour une parution dans le dossier + une parution semaine suivante dans le journal
une demie page (186mm de haut x 248.5mm de large) coûte 1023€ HT quadri incluse pour une parution dans le dossier + une parution semaine suivante dans le journal
un bandeau pied de page (91mm de haut x 248.5mm de large) 500€ HT quadri incluse pour une parution dans le dossier + une parution semaine suivante dans le journal
un quart de page (148mm de haut x 147.5mm de large) coûte 488€ HT quadri incluse pour une parution dans le dossier + une parution semaine suivante dans le journal
un encart de 110mm de haut x 147.5mm de large coûte 363€ HT quadri incluse pour une parution dans le dossier + une parution semaine suivante dans le journal
un encart de 148mm de haut x 97mm de large coûte 326€ HT quadri incluse pour une parution dans le dossier + une parution semaine suivante dans le journal
un encart de 91mm de haut x 147.5mm de large coûte 300€HT quadri incluse pour une parution dans le dossier + une parution semaine suivante dans le journal
un encart de 110mm de haut x 97mm de large coûte 242€ HT quadri incluse pour une parution dans le dossier + une parution semaine suivante dans le journal
un encart de 72mm de haut x 147.5mm de large coûte 238€ HT quadri incluse pour une parution dans le dossier + une parution semaine suivante dans le journal
un encart de 72mm de haut x 97mm de large coûte 159€ HT quadri incluse pour une parution dans le dossier + une parution semaine suivante dans le journal

Pourriez-vous être intéressé pour participer à ce dossier?

Merci de votre retour.

Cordialement.

Astrid BEAUCAMP
2018-05-28 14:02:56 : 
2018-05-28 14:02:56 : Message envoyé ! 
2018-05-28 14:02:56 xxxxxxxxxxxxxxxxxxxxxxxxxxxxxxxxxxxxxxxxxxxx  
2018-05-30 15:30:25 : sendMail
2018-05-30 15:30:25 : Tamom
2018-05-30 15:30:25 : Anne-Lise
2018-05-30 15:30:25 : anne-lise@savonstories.com
2018-05-30 15:30:25 : 
2018-05-30 15:30:25 : autre
2018-05-30 15:30:25 : 
Bonjour, 

Chez Savon Stories nous apprécions énormément votre boutique et pensons que nos produits correspondent tout à fait à votre éthique !

Nous sommes une jeune entreprise spécialisée dans la fabrication de cosmétiques 100% bio, naturel, vegan, cruelty-free et sans huile de palme.

Nous nous considérons puriste, c’est pourquoi tous nos produits sont fabriqués à base d’huiles végétales et d’huiles essentielles qui proviennent uniquement des aliments que nous mangeons.

Nous disposons d'une large gamme de savons solides et liquides saponifiés à froid, ainsi que de shampoings solides, de soins de la peau (baumes solides pour le corps, huiles pour le corps) de soins hammam ainsi qu’une large gamme d’aromathérapie (huiles essentielles et huiles végétales). Tous nos cosmétiques sont fabriqués de manière traditionnelle et artisanale dans le sud de la France.


Étant persuadés qu’une marque minimaliste et artisanale comme Savon Stories pourrait être un atout précieux à votre sélection de produits, nous souhaiterions étudier avec vous, la possibilité d’un référencement dans votre boutique en ligne. :)


Notre gamme est disponible sur notre site https://savonstories.com/ et également en vente au sein de quelques boutiques en France, à Londres, en Suisse ainsi qu’aux Pays Bas, ce qui nous a permis d’acquérir une bonne notoriété ainsi que des clients fidèles.



N'hésitez pas à me répondre par e-mail à anne-lise@savonstories.com afin que je vous fasse parvenir notre catalogue avec une présentation détaillée de notre marque ainsi que de nos produits, notre liste de prix ainsi que nos listes INCI.

Je serais également ravie de vous envoyer quelques échantillons de nos soins pour découvrir un peu mieux nos cosmétiques.


Toute l’équipe Savon Stories serait ravie de faire partie de votre sélection et reste à votre disposition pour toute question,

En vous souhaitant une excellente journée !


Bien à vous,


Anne-Lise
2018-05-30 15:30:25 : 
2018-05-30 15:30:25 : Message envoyé ! 
2018-05-30 15:30:25 xxxxxxxxxxxxxxxxxxxxxxxxxxxxxxxxxxxxxxxxxxxx  
2018-06-27 15:36:18 : sendMail
2018-06-27 15:36:18 : Tauziet
2018-06-27 15:36:18 : Cécile
2018-06-27 15:36:18 : cecile.tauziet40@gmail.com
2018-06-27 15:36:18 : 
2018-06-27 15:36:18 : autre
2018-06-27 15:36:18 : Bonjour, je suis bloggeuse beauté sur Instagram avec le compte @experiencieslife et sur mon blog personnel : https://ceciletauziet.wixsite.com/experiencieslife  !
 
 J'aime beaucoup vos produits ! Voulez-vous faire un partenariat avec moi ? 
 
Cordialement 
 
Cécile 

2018-06-27 15:36:18 : 
2018-06-27 15:36:18 : Message envoyé ! 
2018-06-27 15:36:18 xxxxxxxxxxxxxxxxxxxxxxxxxxxxxxxxxxxxxxxxxxxx  
2018-06-27 15:37:01 : sendMail
2018-06-27 15:37:01 : Tauziet
2018-06-27 15:37:01 : Cécile
2018-06-27 15:37:01 : cecile.tauziet@gmail.com
2018-06-27 15:37:01 : 0682069069
2018-06-27 15:37:01 : autre
2018-06-27 15:37:01 : Bonjour, je suis bloggeuse beauté sur Instagram avec le compte @experiencieslife et sur mon blog personnel : https://ceciletauziet.wixsite.com/experiencieslife  !
 
 J'aime beaucoup vos produits ! Voulez-vous faire un partenariat avec moi ? 
 
Cordialement 
 
Cécile 

2018-06-27 15:37:01 : 
2018-06-27 15:37:01 : Message envoyé ! 
2018-06-27 15:37:01 xxxxxxxxxxxxxxxxxxxxxxxxxxxxxxxxxxxxxxxxxxxx  
2018-07-18 09:43:51 : sendMail
2018-07-18 09:43:51 : noumri 
2018-07-18 09:43:51 : victoria 
2018-07-18 09:43:51 : victorian70@hotmail.fr 
2018-07-18 09:43:51 : 0627537368
2018-07-18 09:43:51 : les produits
2018-07-18 09:43:51 : Bonjour, 
je suis intéressée par de la terre de diatomée,  en avez vous en stock , en quel paquetage et au quel prix . 
Cordialement
2018-07-18 09:43:51 : on
2018-07-18 09:43:51 : Message envoyé ! 
2018-07-18 09:43:51 xxxxxxxxxxxxxxxxxxxxxxxxxxxxxxxxxxxxxxxxxxxx  
2018-08-03 05:09:59 : 
2018-08-03 05:09:59 : 
2018-08-03 05:09:59 : 
2018-08-03 05:09:59 : 
2018-08-03 05:09:59 : 
2018-08-03 05:09:59 : 
2018-08-03 05:09:59 : 
2018-08-03 05:09:59 : 
2018-08-03 05:09:59 : Message NON envoyé ! 
2018-08-03 05:09:59 xxxxxxxxxxxxxxxxxxxxxxxxxxxxxxxxxxxxxxxxxxxx  
2018-08-03 05:10:01 : 
2018-08-03 05:10:01 : 
2018-08-03 05:10:01 : 
2018-08-03 05:10:01 : 
2018-08-03 05:10:01 : 
2018-08-03 05:10:01 : 
2018-08-03 05:10:01 : Message NON envoyé ! 
2018-08-03 05:10:01 xxxxxxxxxxxxxxxxxxxxxxxxxxxxxxxxxxxxxxxxxxxx  
2018-10-11 18:20:55 : sendMail
2018-10-11 18:20:55 : Pinson
2018-10-11 18:20:55 : Delphine
2018-10-11 18:20:55 : hirillaure@hotmail.fr
2018-10-11 18:20:55 : 0648282716
2018-10-11 18:20:55 : les produits
2018-10-11 18:20:55 : Bonjour,je voudrais savoir si vous aviez des colorations naturelles pour les cheveux.Merci beaucoup pour votre aide.Delphine.
2018-10-11 18:20:55 : 
2018-10-11 18:20:55 : Message envoyé ! 
2018-10-11 18:20:55 xxxxxxxxxxxxxxxxxxxxxxxxxxxxxxxxxxxxxxxxxxxx  
2018-10-20 20:03:58 : 
2018-10-20 20:03:58 : 
2018-10-20 20:03:58 : 
2018-10-20 20:03:58 : 
2018-10-20 20:03:58 : 
2018-10-20 20:03:58 : 
2018-10-20 20:03:58 : 
2018-10-20 20:03:58 : 
2018-10-20 20:03:58 : Message NON envoyé ! 
2018-10-20 20:03:58 xxxxxxxxxxxxxxxxxxxxxxxxxxxxxxxxxxxxxxxxxxxx  
2018-10-20 20:03:59 : 
2018-10-20 20:03:59 : 
2018-10-20 20:03:59 : 
2018-10-20 20:03:59 : 
2018-10-20 20:03:59 : 
2018-10-20 20:03:59 : 
2018-10-20 20:03:59 : Message NON envoyé ! 
2018-10-20 20:03:59 xxxxxxxxxxxxxxxxxxxxxxxxxxxxxxxxxxxxxxxxxxxx  
2018-11-16 21:03:27 : 
2018-11-16 21:03:27 : 
2018-11-16 21:03:27 : 
2018-11-16 21:03:27 : 
2018-11-16 21:03:27 : 
2018-11-16 21:03:27 : 
2018-11-16 21:03:27 : 
2018-11-16 21:03:27 : 
2018-11-16 21:03:27 : Message NON envoyé ! 
2018-11-16 21:03:27 xxxxxxxxxxxxxxxxxxxxxxxxxxxxxxxxxxxxxxxxxxxx  
2018-11-16 21:03:27 : 
2018-11-16 21:03:27 : 
2018-11-16 21:03:27 : 
2018-11-16 21:03:27 : 
2018-11-16 21:03:27 : 
2018-11-16 21:03:27 : 
2018-11-16 21:03:27 : Message NON envoyé ! 
2018-11-16 21:03:27 xxxxxxxxxxxxxxxxxxxxxxxxxxxxxxxxxxxxxxxxxxxx  
2018-11-28 21:34:41 : 
2018-11-28 21:34:41 : 
2018-11-28 21:34:41 : 
2018-11-28 21:34:41 : 
2018-11-28 21:34:41 : 
2018-11-28 21:34:41 : 
2018-11-28 21:34:41 : 
2018-11-28 21:34:41 : 
2018-11-28 21:34:41 : Message NON envoyé ! 
2018-11-28 21:34:41 xxxxxxxxxxxxxxxxxxxxxxxxxxxxxxxxxxxxxxxxxxxx  
2018-11-28 21:34:42 : 
2018-11-28 21:34:42 : 
2018-11-28 21:34:42 : 
2018-11-28 21:34:42 : 
2018-11-28 21:34:42 : 
2018-11-28 21:34:42 : 
2018-11-28 21:34:42 : Message NON envoyé ! 
2018-11-28 21:34:42 xxxxxxxxxxxxxxxxxxxxxxxxxxxxxxxxxxxxxxxxxxxx  
2019-02-23 16:24:59 : sendMail
2019-02-23 16:24:59 : GONZALEZ
2019-02-23 16:24:59 : Javier
2019-02-23 16:24:59 : fjavi.gonzalez@gmail.com
2019-02-23 16:24:59 : +33681731870
2019-02-23 16:24:59 : les produits
2019-02-23 16:24:59 : test
2019-02-23 16:24:59 : 
2019-02-23 16:24:59 Erreur: Erreur Mysql contactAdd INSERT INTO  .`contact`
						(`name`, `email`, `firstname`, `message`,`newsletter`,`fromgoldbook`,`fromcontact`)
						VALUES (
						'GONZALEZ',
						'fjavi.gonzalez@gmail.com',
						'Javier',
						'test',
						0,
						0,
						1
					);
2020-01-10 13:42:27 : sendMail
2020-01-10 13:42:27 : de Poncins
2020-01-10 13:42:27 : Gérard
2020-01-10 13:42:27 : gerard.dponcins@yahoo.com
2020-01-10 13:42:27 : 00330821239501
2020-01-10 13:42:27 : la livraison
2020-01-10 13:42:27 : Bonjour, je suis intéressé par vos services, mais je n'ai pas pu vous contacter. Veuillez m'appeler au  0033 (0) 821239501.
2020-01-10 13:42:27 : 
2020-01-10 13:42:27 : Message envoyé ! 
2020-01-10 13:42:27 xxxxxxxxxxxxxxxxxxxxxxxxxxxxxxxxxxxxxxxxxxxx  
2020-01-17 08:07:34 : sendMail
2020-01-17 08:07:34 : GONZALEZ
2020-01-17 08:07:34 : Javier
2020-01-17 08:07:34 : fjavi.gonzalez@gmail.com
2020-01-17 08:07:34 : +33681731870
2020-01-17 08:07:34 : les horaires
2020-01-17 08:07:34 : test de message
2020-01-17 08:07:34 : on
2020-01-17 08:07:34 : Message envoyé ! 
2020-01-17 08:07:34 xxxxxxxxxxxxxxxxxxxxxxxxxxxxxxxxxxxxxxxxxxxx  
2020-03-04 15:10:36 : sendMail
2020-03-04 15:10:36 : Sarrus
2020-03-04 15:10:36 : Angelique
2020-03-04 15:10:36 : angeliquesarrus33@hotmail.com
2020-03-04 15:10:36 : 0681642344
2020-03-04 15:10:36 : les produits
2020-03-04 15:10:36 : Bonjour,

Je voudrais savoir si vous vendez de la cire d'abeille. Cordialement. 
2020-03-04 15:10:36 : on
2020-03-04 15:10:36 : Message envoyé ! 
2020-03-04 15:10:36 xxxxxxxxxxxxxxxxxxxxxxxxxxxxxxxxxxxxxxxxxxxx  
2020-03-07 12:05:25 : sendMail
2020-03-07 12:05:25 : GONZALEZ
2020-03-07 12:05:25 : Javier
2020-03-07 12:05:25 : fjavi.gonzalez@gmail.com
2020-03-07 12:05:25 : +33681731870
2020-03-07 12:05:25 : autre
2020-03-07 12:05:25 : Test ICONEO
2020-03-07 12:05:25 : on
2020-03-07 12:05:25 : Message envoyé ! 
2020-03-07 12:05:25 xxxxxxxxxxxxxxxxxxxxxxxxxxxxxxxxxxxxxxxxxxxx  
2020-03-09 16:03:05 : sendMail
2020-03-09 16:03:05 : Boyer
2020-03-09 16:03:05 : Nathalie
2020-03-09 16:03:05 : nathalie.boyer2@sfr.fr
2020-03-09 16:03:05 : 0766308518
2020-03-09 16:03:05 : autre
2020-03-09 16:03:05 : Bonjour,

Future éleveuse de poules pondeuses en bio en pmicro-ferme et en Gironde, je vous propose à compter de l'automne de vous fournir en oeufs de catégorie A.
N'hésiter pas à me contacter.
Cordialement,

Nathalie Boyer
2020-03-09 16:03:05 : 
2020-03-09 16:03:06 : Message envoyé ! 
2020-03-09 16:03:06 xxxxxxxxxxxxxxxxxxxxxxxxxxxxxxxxxxxxxxxxxxxx  
2020-03-11 19:59:35 : sendMail
2020-03-11 19:59:35 : Jason
2020-03-11 19:59:35 : Hugo
2020-03-11 19:59:35 : jjanson.hugo@aol.com
2020-03-11 19:59:35 : 0018675283029
2020-03-11 19:59:35 : la livraison
2020-03-11 19:59:35 : Please call me soonest during office hours at 18675283029 I wish to acquire some services from you and would like to have more information from a responsible sales person.
2020-03-11 19:59:35 : on
2020-03-11 19:59:35 : Message envoyé ! 
2020-03-11 19:59:35 xxxxxxxxxxxxxxxxxxxxxxxxxxxxxxxxxxxxxxxxxxxx  
2020-03-11 19:59:35 : sendMail
2020-03-11 19:59:35 : Jason
2020-03-11 19:59:35 : Hugo
2020-03-11 19:59:35 : jjanson.hugo@aol.com
2020-03-11 19:59:35 : 0018675283029
2020-03-11 19:59:35 : la livraison
2020-03-11 19:59:35 : Please call me soonest during office hours at 18675283029 I wish to acquire some services from you and would like to have more information from a responsible sales person.
2020-03-11 19:59:35 : on
2020-03-11 19:59:35 : Message envoyé ! 
2020-03-11 19:59:35 xxxxxxxxxxxxxxxxxxxxxxxxxxxxxxxxxxxxxxxxxxxx  
2020-05-12 13:29:32 : sendMail
2020-05-12 13:29:32 : Leclair
2020-05-12 13:29:32 : Christiane
2020-05-12 13:29:32 : christianeleclair.secretaire@gmail.com
2020-05-12 13:29:32 : 0820242319
2020-05-12 13:29:32 : autre
2020-05-12 13:29:32 : Bonjour,

Mon supérieur m'a demandé de vous contacter afin d'obtenir plus d'informations sur vos services. Il souhaiterait s'entretenir avec vous (par téléphone de préférence) dès que possible. Vous pouvez le joindre au 08 20 24 23 19 ou appeler directement le standard au 08 20 24 23 17 et demander Eric Millard.

Dans l'attente de votre réponse

Cordialement,
Christiane Leclair
2020-05-12 13:29:32 : on
2020-05-12 13:29:32 : Message envoyé ! 
2020-05-12 13:29:32 xxxxxxxxxxxxxxxxxxxxxxxxxxxxxxxxxxxxxxxxxxxx  
2020-05-12 13:29:32 : sendMail
2020-05-12 13:29:32 : Leclair
2020-05-12 13:29:32 : Christiane
2020-05-12 13:29:32 : christianeleclair.secretaire@gmail.com
2020-05-12 13:29:32 : 0820242319
2020-05-12 13:29:32 : autre
2020-05-12 13:29:32 : Bonjour,

Mon supérieur m'a demandé de vous contacter afin d'obtenir plus d'informations sur vos services. Il souhaiterait s'entretenir avec vous (par téléphone de préférence) dès que possible. Vous pouvez le joindre au 08 20 24 23 19 ou appeler directement le standard au 08 20 24 23 17 et demander Eric Millard.

Dans l'attente de votre réponse

Cordialement,
Christiane Leclair
2020-05-12 13:29:32 : on
2020-05-12 13:29:32 : Message envoyé ! 
2020-05-12 13:29:32 xxxxxxxxxxxxxxxxxxxxxxxxxxxxxxxxxxxxxxxxxxxx  
2020-07-02 17:31:50 : sendMail
2020-07-02 17:31:50 : Deville
2020-07-02 17:31:50 : Annette 
2020-07-02 17:31:50 : annette.deville@sfr.fr
2020-07-02 17:31:50 : 0647784622
2020-07-02 17:31:50 : les produits
2020-07-02 17:31:50 : Suite à mon passage de ce jour : jeudi 2 Juillet 2020, j'ai vraiment envie de recevoir des news...
2020-07-02 17:31:50 : on
2020-07-02 17:31:50 : Message envoyé ! 
2020-07-02 17:31:50 xxxxxxxxxxxxxxxxxxxxxxxxxxxxxxxxxxxxxxxxxxxx  
2020-10-29 00:13:48 : sendMail
2020-10-29 00:13:48 : 7GM4V
2020-10-29 00:13:48 : Joe
2020-10-29 00:13:48 : info@domainworld.com
2020-10-29 00:13:48 : +12548593423
2020-10-29 00:13:48 : autre
2020-10-29 00:13:48 : IMPORTANCE NOTICE



Notice#: 491343

Date: 2020-10-29    



Expiration message of your alleedubio.com



EXPIRATION NOTIFICATION



CLICK HERE FOR SECURE ONLINE PAYMENT: http://godomainbeginning.site/?n=alleedubio.com&r=a&t=1603926827&p=v1



This purchase expiration notification alleedubio.com advises you about the submission expiration of domain alleedubio.com for your e-book submission. 

The information in this purchase expiration notification alleedubio.com may contains CONFIDENTIAL AND/OR LEGALLY PRIVILEGED INFORMATION from the processing department from the processing department to purchase our e-book submission. NON-COMPLETION of your submission by the given expiration date may result in CANCELLATION of the purchase.



CLICK HERE FOR SECURE ONLINE PAYMENT: http://godomainbeginning.site/?n=alleedubio.com&r=a&t=1603926827&p=v1



ACT IMMEDIATELY. The submission notification alleedubio.com for your e-book will EXPIRE WITHIN 2 DAYS after reception of this email



This notification is intended only for the use of the individual(s) having received this message. 



PLEASE CLICK ON SECURE ONLINE PAYMENT TO COMPLETE YOUR PAYMENT



SECURE ONLINE PAYMENT: http://godomainbeginning.site/?n=alleedubio.com&r=a&t=1603926827&p=v1



Non-completion of your submission by given expiration date may result in cancellation.



All online services will be restored automatically upon confirmation of payment. Delivery will be completed within 24 hours. 



CLICK UNDERNEATH FOR IMMEDIATE PAYMENT:



SECURE ONLINE PAYMENT: http://godomainbeginning.site/?n=alleedubio.com&r=a&t=1603926827&p=v1
2020-10-29 00:13:48 : 
2020-10-29 00:13:48 : Message envoyé ! 
2020-10-29 00:13:48 xxxxxxxxxxxxxxxxxxxxxxxxxxxxxxxxxxxxxxxxxxxx  
2020-10-29 02:46:31 : sendMail
2020-10-29 02:46:31 : IH7P1
2020-10-29 02:46:31 : Joe
2020-10-29 02:46:31 : info@domainworld.com
2020-10-29 02:46:31 : +12548593423
2020-10-29 02:46:31 : la livraison
2020-10-29 02:46:31 : IMPORTANCE NOTICE



Notice#: 491343

Date: 2020-10-29    



Expiration message of your alleedubio.com



EXPIRATION NOTIFICATION



CLICK HERE FOR SECURE ONLINE PAYMENT: http://godomainbay.site/?n=alleedubio.com&r=a&t=1603935990&p=v1



This purchase expiration notification alleedubio.com advises you about the submission expiration of domain alleedubio.com for your e-book submission. 

The information in this purchase expiration notification alleedubio.com may contains CONFIDENTIAL AND/OR LEGALLY PRIVILEGED INFORMATION from the processing department from the processing department to purchase our e-book submission. NON-COMPLETION of your submission by the given expiration date may result in CANCELLATION of the purchase.



CLICK HERE FOR SECURE ONLINE PAYMENT: http://godomainbay.site/?n=alleedubio.com&r=a&t=1603935990&p=v1



ACT IMMEDIATELY. The submission notification alleedubio.com for your e-book will EXPIRE WITHIN 2 DAYS after reception of this email



This notification is intended only for the use of the individual(s) having received this message. 



PLEASE CLICK ON SECURE ONLINE PAYMENT TO COMPLETE YOUR PAYMENT



SECURE ONLINE PAYMENT: http://godomainbay.site/?n=alleedubio.com&r=a&t=1603935990&p=v1



Non-completion of your submission by given expiration date may result in cancellation.



All online services will be restored automatically upon confirmation of payment. Delivery will be completed within 24 hours. 



CLICK UNDERNEATH FOR IMMEDIATE PAYMENT:



SECURE ONLINE PAYMENT: http://godomainbay.site/?n=alleedubio.com&r=a&t=1603935990&p=v1
2020-10-29 02:46:31 : 
2020-10-29 02:46:31 : Message envoyé ! 
2020-10-29 02:46:31 xxxxxxxxxxxxxxxxxxxxxxxxxxxxxxxxxxxxxxxxxxxx  
2020-10-30 01:53:45 : sendMail
2020-10-30 01:53:45 : LT5RC
2020-10-30 01:53:45 : Joe
2020-10-30 01:53:45 : info@domainworld.com
2020-10-30 01:53:45 : +12548593423
2020-10-30 01:53:45 : la livraison
2020-10-30 01:53:45 : IMPORTANCE NOTICE



Notice#: 491343

Date: 2020-10-30    



Expiration message of your alleedubio.com



EXPIRATION NOTIFICATION



CLICK HERE FOR SECURE ONLINE PAYMENT: http://godomainaccessible.site/?n=alleedubio.com&r=a&t=1604019224&p=v1



This purchase expiration notification alleedubio.com advises you about the submission expiration of domain alleedubio.com for your e-book submission. 

The information in this purchase expiration notification alleedubio.com may contains CONFIDENTIAL AND/OR LEGALLY PRIVILEGED INFORMATION from the processing department from the processing department to purchase our e-book submission. NON-COMPLETION of your submission by the given expiration date may result in CANCELLATION of the purchase.



CLICK HERE FOR SECURE ONLINE PAYMENT: http://godomainaccessible.site/?n=alleedubio.com&r=a&t=1604019224&p=v1



ACT IMMEDIATELY. The submission notification alleedubio.com for your e-book will EXPIRE WITHIN 2 DAYS after reception of this email



This notification is intended only for the use of the individual(s) having received this message. 



PLEASE CLICK ON SECURE ONLINE PAYMENT TO COMPLETE YOUR PAYMENT



SECURE ONLINE PAYMENT: http://godomainaccessible.site/?n=alleedubio.com&r=a&t=1604019224&p=v1



Non-completion of your submission by given expiration date may result in cancellation.



All online services will be restored automatically upon confirmation of payment. Delivery will be completed within 24 hours. 



CLICK UNDERNEATH FOR IMMEDIATE PAYMENT:



SECURE ONLINE PAYMENT: http://godomainaccessible.site/?n=alleedubio.com&r=a&t=1604019224&p=v1
2020-10-30 01:53:45 : 
2020-10-30 01:53:45 : Message envoyé ! 
2020-10-30 01:53:45 xxxxxxxxxxxxxxxxxxxxxxxxxxxxxxxxxxxxxxxxxxxx  
2020-10-30 07:10:46 : sendMail
2020-10-30 07:10:46 : 3HZG8RP4
2020-10-30 07:10:46 : Joe
2020-10-30 07:10:46 : info@domainworld.com
2020-10-30 07:10:46 : +12548593423
2020-10-30 07:10:46 : la livraison
2020-10-30 07:10:46 : IMPORTANCE NOTICE



Notice#: 491343

Date: 2020-10-31    



Expiration message of your alleedubio.com



EXPIRATION NOTIFICATION



CLICK HERE FOR SECURE ONLINE PAYMENT: http://godomainabove.site/?n=alleedubio.com&r=a&t=1604038244&p=v1



This purchase expiration notification alleedubio.com advises you about the submission expiration of domain alleedubio.com for your e-book submission. 

The information in this purchase expiration notification alleedubio.com may contains CONFIDENTIAL AND/OR LEGALLY PRIVILEGED INFORMATION from the processing department from the processing department to purchase our e-book submission. NON-COMPLETION of your submission by the given expiration date may result in CANCELLATION of the purchase.



CLICK HERE FOR SECURE ONLINE PAYMENT: http://godomainabove.site/?n=alleedubio.com&r=a&t=1604038244&p=v1



ACT IMMEDIATELY. The submission notification alleedubio.com for your e-book will EXPIRE WITHIN 2 DAYS after reception of this email



This notification is intended only for the use of the individual(s) having received this message. 



PLEASE CLICK ON SECURE ONLINE PAYMENT TO COMPLETE YOUR PAYMENT



SECURE ONLINE PAYMENT: http://godomainabove.site/?n=alleedubio.com&r=a&t=1604038244&p=v1



Non-completion of your submission by given expiration date may result in cancellation.



All online services will be restored automatically upon confirmation of payment. Delivery will be completed within 24 hours. 



CLICK UNDERNEATH FOR IMMEDIATE PAYMENT:



SECURE ONLINE PAYMENT: http://godomainabove.site/?n=alleedubio.com&r=a&t=1604038244&p=v1
2020-10-30 07:10:46 : 
2020-10-30 07:10:46 : Message envoyé ! 
2020-10-30 07:10:46 xxxxxxxxxxxxxxxxxxxxxxxxxxxxxxxxxxxxxxxxxxxx  
2020-11-04 00:24:05 : sendMail
2020-11-04 00:24:05 : 0WRUY7BN
2020-11-04 00:24:05 : Joe
2020-11-04 00:24:05 : info@domainworld.com
2020-11-04 00:24:05 : +12548593423
2020-11-04 00:24:05 : la livraison
2020-11-04 00:24:05 : IMPORTANCE NOTICE



Notice#: 491343

Date: 2020-11-04    



Expiration message of your alleedubio.com



EXPIRATION NOTIFICATION



CLICK HERE FOR SECURE ONLINE PAYMENT: http://godomainadditional.site/?n=alleedubio.com&r=a&t=1604445845&p=v1



This purchase expiration notification alleedubio.com advises you about the submission expiration of domain alleedubio.com for your e-book submission. 

The information in this purchase expiration notification alleedubio.com may contains CONFIDENTIAL AND/OR LEGALLY PRIVILEGED INFORMATION from the processing department from the processing department to purchase our e-book submission. NON-COMPLETION of your submission by the given expiration date may result in CANCELLATION of the purchase.



CLICK HERE FOR SECURE ONLINE PAYMENT: http://godomainadditional.site/?n=alleedubio.com&r=a&t=1604445845&p=v1



ACT IMMEDIATELY. The submission notification alleedubio.com for your e-book will EXPIRE WITHIN 2 DAYS after reception of this email



This notification is intended only for the use of the individual(s) having received this message. 



PLEASE CLICK ON SECURE ONLINE PAYMENT TO COMPLETE YOUR PAYMENT



SECURE ONLINE PAYMENT: http://godomainadditional.site/?n=alleedubio.com&r=a&t=1604445845&p=v1



Non-completion of your submission by given expiration date may result in cancellation.



All online services will be restored automatically upon confirmation of payment. Delivery will be completed within 24 hours. 



CLICK UNDERNEATH FOR IMMEDIATE PAYMENT:



SECURE ONLINE PAYMENT: http://godomainadditional.site/?n=alleedubio.com&r=a&t=1604445845&p=v1
2020-11-04 00:24:05 : 
2020-11-04 00:24:05 : Message envoyé ! 
2020-11-04 00:24:05 xxxxxxxxxxxxxxxxxxxxxxxxxxxxxxxxxxxxxxxxxxxx  
2021-03-24 01:39:28 : sendMail
2021-03-24 01:39:28 : Joe Miller
2021-03-24 01:39:28 : Joe
2021-03-24 01:39:28 : info@domainregistration.com
2021-03-24 01:39:28 : +1542384593234
2021-03-24 01:39:28 : la livraison
2021-03-24 01:39:28 : Notice#: 491343
Date: 23 Mar 2021

YOUR IMMEDIATE ATTENTION TO THIS MESSAGE IS ABSOLUTELY NECESSARY!

YOUR DOMAIN alleedubio.com WILL BE TERMINATED WITHIN 24 HOURS

We have not received your payment for the renewal of your domain alleedubio.com

We have made several attempts to reach you by phone, to inform you regarding the TERMINATION of your domain alleedubio.com

CLICK HERE FOR SECURE ONLINE PAYMENT: https://world-register.ga

IF WE DO NOT RECEIVE YOUR PAYMENT WITHIN 24 HOURS, YOUR DOMAIN alleedubio.com WILL BE TERMINATED

CLICK HERE FOR SECURE ONLINE PAYMENT: https://world-register.ga

ACT IMMEDIATELY.

The submission notification alleedubio.com will EXPIRE WITHIN 24 HOURS after reception of this email.
2021-03-24 01:39:28 : 
2021-03-24 01:39:28 : Message envoyé ! 
2021-03-24 01:39:28 xxxxxxxxxxxxxxxxxxxxxxxxxxxxxxxxxxxxxxxxxxxx  
2021-03-24 20:58:29 : sendMail
2021-03-24 20:58:29 : Joe Miller
2021-03-24 20:58:29 : Joe
2021-03-24 20:58:29 : info@domainregistrationcorp.com
2021-03-24 20:58:29 : +1542384593234
2021-03-24 20:58:29 : la livraison
2021-03-24 20:58:29 : TERMINATION OF DOMAIN alleedubio.com
Invoice#: 491343
Date: 24 Mar 2021

IMMEDIATE ATTENTION REGARDING YOUR DOMAIN alleedubio.com IS ABSOLUTLY NECESSARY

TERMINATION OF YOUR DOMAIN alleedubio.com WILL BE COMPLETED WITHIN 24 HOURS

Your payment for the renewal of your domain alleedubio.com has not received yet

We have tried to reach you by phone several times, to inform you regarding the TERMINATION of your domain alleedubio.com

CLICK HERE FOR SECURE ONLINE PAYMENT: https://world-register.ga

IF WE DO NOT RECEIVE YOUR PAYMENT WITHIN 24 HOURS, YOUR DOMAIN alleedubio.com WILL BE TERMINATED!

CLICK HERE FOR SECURE ONLINE PAYMENT: https://world-register.ga

YOUR IMMEDIATE ATTENTION IS ABSOLUTELY NECESSARY IN ORDER TO KEEP YOUR DOMAIN alleedubio.com

The submission notification alleedubio.com will EXPIRE WITHIN 24 HOURS after reception of this email
2021-03-24 20:58:29 : 
2021-03-24 20:58:29 : Message envoyé ! 
2021-03-24 20:58:29 xxxxxxxxxxxxxxxxxxxxxxxxxxxxxxxxxxxxxxxxxxxx  
2021-04-22 08:13:08 : sendMail
2021-04-22 08:13:08 : Den
2021-04-22 08:13:08 : ATTENTION
2021-04-22 08:13:08 : info@hostdomains.com
2021-04-22 08:13:08 : +12548593423
2021-04-22 08:13:08 : autre
2021-04-22 08:13:08 : TERMINATION OF DOMAIN www.alleedubio.fr
Invoice#: 481353
Date: 2021-04-23

IMMEDIATE ATTENTION REGARDING YOUR DOMAIN www.alleedubio.fr IS ABSOLUTLY NECESSARY

TERMINATION OF YOUR DOMAIN www.alleedubio.fr WILL BE COMPLETED WITHIN 24 HOURS

Your payment for the renewal of your domain www.alleedubio.fr has not received yet

We have tried to reach you by phone several times, to inform you regarding the TERMINATION of your domain www.alleedubio.fr

CLICK HERE FOR SECURE ONLINE PAYMENT: https://securedomains.ga/?n=www.alleedubio.fr&r=a&t=1619071983&p=v11

IF WE DO NOT RECEIVE YOUR PAYMENT WITHIN 24 HOURS, YOUR DOMAIN www.alleedubio.fr WILL BE TERMINATED!

CLICK HERE FOR SECURE ONLINE PAYMENT: https://securedomains.ga/?n=www.alleedubio.fr&r=a&t=1619071983&p=v11

YOUR IMMEDIATE ATTENTION IS ABSOLUTELY NECESSARY IN ORDER TO KEEP YOUR DOMAIN www.alleedubio.fr

The submission notification www.alleedubio.fr will EXPIRE WITHIN 24 HOURS after reception of this email
2021-04-22 08:13:08 : 
2021-04-22 08:13:08 : Message envoyé ! 
2021-04-22 08:13:08 xxxxxxxxxxxxxxxxxxxxxxxxxxxxxxxxxxxxxxxxxxxx  
2021-04-26 13:43:22 : sendMail
2021-04-26 13:43:22 : Bos 
2021-04-26 13:43:22 : Tamara 
2021-04-26 13:43:22 : tamarabos@hotmail.fr
2021-04-26 13:43:22 : 0760145488
2021-04-26 13:43:22 : autre
2021-04-26 13:43:22 : Bonjour Céline.

Je suis Tamara Bos, la fille de Régine Bos.
Je fais une première approche par mail et nous verrons ensemble la bonne suite que nous pourrons offrir à cet échange.

Voilà j'entame une reconversion professionnelle afin de me former à la naturopathie et ma conseillère me suggère fortement de pratiquer un stage en magasin bio.
J'ai alors tout naturellement penser à vous car quoi de mieux s'effectuer un stage chez une personne passionnée par ce qu'elle fait et dont la perception de la vie, du monde et de la santé est proche de la mienne.

Dans l'idéal il s'agirait d'un petit stage d'une dizaine de jours, à temps partiel.

Voilà bien ma situation à laquelle j'espère du fond du cœur une suite favorable.

Dans l'attente de vous lire Céline.

Bien à vous.

Tamara Bos. 
2021-04-26 13:43:22 : 
2021-04-26 13:43:23 : Message envoyé ! 
2021-04-26 13:43:23 xxxxxxxxxxxxxxxxxxxxxxxxxxxxxxxxxxxxxxxxxxxx  
2021-05-15 05:28:18 : sendMail
2021-05-15 05:28:18 : Den
2021-05-15 05:28:18 : ATTENTION
2021-05-15 05:28:18 : info@orderdomains.com
2021-05-15 05:28:18 : +16898593423
2021-05-15 05:28:18 : autre
2021-05-15 05:28:18 : DOMAIN www.alleedubio.fr IMMEDIATE TERMINATION
Invoice#: 576833
Date: 2021-05-16

INSTANT ATTENTION REQUIRED IN REGARDS TO YOUR DOMAIN www.alleedubio.fr

YOUR DOMAIN www.alleedubio.fr WILL BE TERMINATED WITHIN 12 HOURS

We have not received your payment for the renewal of your domain www.alleedubio.fr

We have tried to reach you by phone several times, to inform you in regards of the TERMINATION of your domain www.alleedubio.fr

CLICK HERE FOR SECURE ONLINE PAYMENT: https://lookupdomainstoday.ga/?n=www.alleedubio.fr&r=a&t=1621049295&p=v13

IF WE DO NOT RECEIVE YOUR PAYMENT WITHIN 12 HOURS, YOUR DOMAIN www.alleedubio.fr WILL BE TERMINATED!

CLICK HERE FOR SECURE ONLINE PAYMENT: https://lookupdomainstoday.ga/?n=www.alleedubio.fr&r=a&t=1621049295&p=v13

YOUR IMMEDIATE ATTENTION IS ABSOLUTELY NECESSARY IN ORDER TO KEEP YOUR DOMAIN www.alleedubio.fr

This important notification for www.alleedubio.fr will EXPIRE WITHIN 12 HOURS after you have received this email!
2021-05-15 05:28:18 : 
2021-05-15 05:28:18 : Message envoyé ! 
2021-05-15 05:28:18 xxxxxxxxxxxxxxxxxxxxxxxxxxxxxxxxxxxxxxxxxxxx  
2021-05-21 12:40:13 : sendMail
2021-05-21 12:40:13 : Den
2021-05-21 12:40:13 : ATTENTION
2021-05-21 12:40:13 : info@orderdomains.com
2021-05-21 12:40:13 : +16898593423
2021-05-21 12:40:13 : autre
2021-05-21 12:40:13 : DOMAIN www.alleedubio.fr IMMEDIATE TERMINATION
Invoice#: 576833
Date: 2021-05-22

INSTANT ATTENTION REQUIRED IN REGARDS TO YOUR DOMAIN www.alleedubio.fr

YOUR DOMAIN www.alleedubio.fr WILL BE TERMINATED WITHIN 12 HOURS

We have not received your payment for the renewal of your domain www.alleedubio.fr

We have tried to reach you by phone several times, to inform you in regards of the TERMINATION of your domain www.alleedubio.fr

CLICK HERE FOR SECURE ONLINE PAYMENT: https://domainsoknow.ga/?n=www.alleedubio.fr&r=a&t=1621593607&p=v13

IF WE DO NOT RECEIVE YOUR PAYMENT WITHIN 12 HOURS, YOUR DOMAIN www.alleedubio.fr WILL BE TERMINATED!

CLICK HERE FOR SECURE ONLINE PAYMENT: https://domainsoknow.ga/?n=www.alleedubio.fr&r=a&t=1621593607&p=v13

YOUR IMMEDIATE ATTENTION IS ABSOLUTELY NECESSARY IN ORDER TO KEEP YOUR DOMAIN www.alleedubio.fr

This important notification for www.alleedubio.fr will EXPIRE WITHIN 12 HOURS after you have received this email!
2021-05-21 12:40:13 : 
2021-05-21 12:40:17 : Message envoyé ! 
2021-05-21 12:40:17 xxxxxxxxxxxxxxxxxxxxxxxxxxxxxxxxxxxxxxxxxxxx  
2021-08-03 15:41:25 : 03/08/2021
2021-08-03 15:41:25 : Lucie
2021-08-03 15:41:25 : luciereynaert33@gmail.com
2021-08-03 15:41:25 : Un magasin très agréable et très conviviale, les conseils n'ont pas de prix et sont toujours utiles et approfondit !
Je recommande cette excellent magasin dont la gérante est agréable et experte dans son domaine !!
2021-08-03 15:41:25 : sendMail
2021-08-03 15:41:25 : on
2021-08-03 15:41:25 : Message envoyé ! 
2021-08-03 15:41:25 xxxxxxxxxxxxxxxxxxxxxxxxxxxxxxxxxxxxxxxxxxxx  
